[2022-10-12T21:06:16.877Z] Log level: Info
[2022-10-12T21:06:16.880Z] [info] Validating found git in: git
[2022-10-12T21:06:16.903Z] [info] Using git 2.38.0 from git
[2022-10-12T21:06:16.918Z] > git rev-parse --show-toplevel [3ms]
[2022-10-12T21:06:16.931Z] > git rev-parse --git-dir --git-common-dir [5ms]
[2022-10-12T21:06:16.937Z] [info] Open repository: /home/liaml/Projects/stream
[2022-10-12T21:06:16.949Z] > git status -z -uall [4ms]
[2022-10-12T21:06:16.969Z] > git symbolic-ref --short HEAD [2ms]
[2022-10-12T21:06:17.012Z] > git for-each-ref --format=%(refname)%00%(upstream:short)%00%(objectname)%00%(upstream:track)%00%(upstream:remotename)%00%(upstream:remoteref) refs/heads/master refs/remotes/master [37ms]
[2022-10-12T21:06:17.039Z] > git remote --verbose [3ms]
[2022-10-12T21:06:17.039Z] > git for-each-ref --sort -committerdate --format %(refname) %(objectname) %(*objectname) [22ms]
[2022-10-12T21:06:17.060Z] > git config --get commit.template [9ms]
[2022-10-12T21:06:17.077Z] > git status -z -uall [10ms]
[2022-10-12T21:06:17.090Z] > git symbolic-ref --short HEAD [1ms]
[2022-10-12T21:06:17.103Z] > git for-each-ref --format=%(refname)%00%(upstream:short)%00%(objectname)%00%(upstream:track)%00%(upstream:remotename)%00%(upstream:remoteref) refs/heads/master refs/remotes/master [4ms]
[2022-10-12T21:06:17.128Z] > git for-each-ref --sort -committerdate --format %(refname) %(objectname) %(*objectname) [7ms]
[2022-10-12T21:06:17.129Z] > git remote --verbose [2ms]
[2022-10-12T21:06:17.149Z] > git config --get commit.template [12ms]
[2022-10-12T21:06:17.517Z] > git check-ignore -v -z --stdin [4ms]
[2022-10-12T21:06:20.924Z] > git show --textconv :tokenize.c [42ms]
[2022-10-12T21:06:20.924Z] > git ls-files --stage -- /home/liaml/Projects/stream/tokenize.c [23ms]
[2022-10-12T21:06:20.938Z] > git cat-file -s 3450f7bddbbd828c0cc5a854bc8245fb9e887276 [7ms]
[2022-10-12T21:07:01.333Z] > git show --textconv :tokenize.c [22ms]
[2022-10-12T21:07:01.344Z] > git ls-files --stage -- /home/liaml/Projects/stream/tokenize.c [12ms]
[2022-10-12T21:07:01.582Z] > git cat-file -s 3450f7bddbbd828c0cc5a854bc8245fb9e887276 [38ms]
[2022-10-12T21:07:39.348Z] > git status -z -uall [8ms]
[2022-10-12T21:07:39.416Z] > git symbolic-ref --short HEAD [26ms]
[2022-10-12T21:07:39.480Z] > git for-each-ref --format=%(refname)%00%(upstream:short)%00%(objectname)%00%(upstream:track)%00%(upstream:remotename)%00%(upstream:remoteref) refs/heads/master refs/remotes/master [4ms]
[2022-10-12T21:07:39.572Z] > git for-each-ref --sort -committerdate --format %(refname) %(objectname) %(*objectname) [79ms]
[2022-10-12T21:07:39.585Z] > git remote --verbose [36ms]
[2022-10-12T21:07:39.638Z] > git config --get commit.template [2ms]
[2022-10-12T21:07:56.692Z] > git status -z -uall [14ms]
[2022-10-12T21:07:56.721Z] > git symbolic-ref --short HEAD [2ms]
[2022-10-12T21:07:56.731Z] > git for-each-ref --format=%(refname)%00%(upstream:short)%00%(objectname)%00%(upstream:track)%00%(upstream:remotename)%00%(upstream:remoteref) refs/heads/master refs/remotes/master [1ms]
[2022-10-12T21:07:56.759Z] > git for-each-ref --sort -committerdate --format %(refname) %(objectname) %(*objectname) [16ms]
[2022-10-12T21:07:56.760Z] > git remote --verbose [2ms]
[2022-10-12T21:07:56.769Z] > git config --get commit.template [2ms]
[2022-10-12T21:08:00.108Z] > git check-ignore -v -z --stdin [3ms]
[2022-10-12T21:08:17.220Z] > git status -z -uall [7ms]
[2022-10-12T21:08:17.233Z] > git symbolic-ref --short HEAD [2ms]
[2022-10-12T21:08:17.241Z] > git for-each-ref --format=%(refname)%00%(upstream:short)%00%(objectname)%00%(upstream:track)%00%(upstream:remotename)%00%(upstream:remoteref) refs/heads/master refs/remotes/master [1ms]
[2022-10-12T21:08:17.253Z] > git for-each-ref --sort -committerdate --format %(refname) %(objectname) %(*objectname) [6ms]
[2022-10-12T21:08:17.253Z] > git remote --verbose [1ms]
[2022-10-12T21:08:17.260Z] > git config --get commit.template [1ms]
[2022-10-12T21:08:32.164Z] > git status -z -uall [5ms]
[2022-10-12T21:08:32.192Z] > git symbolic-ref --short HEAD [9ms]
[2022-10-12T21:08:32.214Z] > git for-each-ref --format=%(refname)%00%(upstream:short)%00%(objectname)%00%(upstream:track)%00%(upstream:remotename)%00%(upstream:remoteref) refs/heads/master refs/remotes/master [7ms]
[2022-10-12T21:08:32.263Z] > git for-each-ref --sort -committerdate --format %(refname) %(objectname) %(*objectname) [27ms]
[2022-10-12T21:08:32.266Z] > git remote --verbose [5ms]
[2022-10-12T21:08:32.292Z] > git config --get commit.template [2ms]
[2022-10-12T21:12:51.028Z] > git status -z -uall [17ms]
[2022-10-12T21:12:51.058Z] > git symbolic-ref --short HEAD [4ms]
[2022-10-12T21:12:51.073Z] > git for-each-ref --format=%(refname)%00%(upstream:short)%00%(objectname)%00%(upstream:track)%00%(upstream:remotename)%00%(upstream:remoteref) refs/heads/master refs/remotes/master [7ms]
[2022-10-12T21:12:51.111Z] > git remote --verbose [2ms]
[2022-10-12T21:12:51.111Z] > git for-each-ref --sort -committerdate --format %(refname) %(objectname) %(*objectname) [12ms]
[2022-10-12T21:12:51.121Z] > git config --get commit.template [1ms]
[2022-10-12T21:12:56.142Z] > git status -z -uall [2ms]
[2022-10-12T21:12:56.168Z] > git symbolic-ref --short HEAD [9ms]
[2022-10-12T21:12:56.192Z] > git for-each-ref --format=%(refname)%00%(upstream:short)%00%(objectname)%00%(upstream:track)%00%(upstream:remotename)%00%(upstream:remoteref) refs/heads/master refs/remotes/master [5ms]
[2022-10-12T21:12:56.229Z] > git for-each-ref --sort -committerdate --format %(refname) %(objectname) %(*objectname) [23ms]
[2022-10-12T21:12:56.230Z] > git remote --verbose [3ms]
[2022-10-12T21:12:56.271Z] > git config --get commit.template [4ms]
[2022-10-12T21:13:16.952Z] > git status -z -uall [7ms]
[2022-10-12T21:13:16.973Z] > git symbolic-ref --short HEAD [3ms]
[2022-10-12T21:13:16.998Z] > git for-each-ref --format=%(refname)%00%(upstream:short)%00%(objectname)%00%(upstream:track)%00%(upstream:remotename)%00%(upstream:remoteref) refs/heads/master refs/remotes/master [6ms]
[2022-10-12T21:13:17.038Z] > git for-each-ref --sort -committerdate --format %(refname) %(objectname) %(*objectname) [22ms]
[2022-10-12T21:13:17.040Z] > git remote --verbose [7ms]
[2022-10-12T21:13:17.066Z] > git config --get commit.template [5ms]
[2022-10-12T21:13:22.093Z] > git status -z -uall [6ms]
[2022-10-12T21:13:22.111Z] > git symbolic-ref --short HEAD [3ms]
[2022-10-12T21:13:22.131Z] > git for-each-ref --format=%(refname)%00%(upstream:short)%00%(objectname)%00%(upstream:track)%00%(upstream:remotename)%00%(upstream:remoteref) refs/heads/master refs/remotes/master [4ms]
[2022-10-12T21:13:22.168Z] > git for-each-ref --sort -committerdate --format %(refname) %(objectname) %(*objectname) [17ms]
[2022-10-12T21:13:22.169Z] > git remote --verbose [4ms]
[2022-10-12T21:13:22.190Z] > git config --get commit.template [3ms]
[2022-10-12T21:15:01.786Z] > git status -z -uall [10ms]
[2022-10-12T21:15:01.841Z] > git symbolic-ref --short HEAD [10ms]
[2022-10-12T21:15:01.856Z] > git for-each-ref --format=%(refname)%00%(upstream:short)%00%(objectname)%00%(upstream:track)%00%(upstream:remotename)%00%(upstream:remoteref) refs/heads/master refs/remotes/master [2ms]
[2022-10-12T21:15:01.875Z] > git for-each-ref --sort -committerdate --format %(refname) %(objectname) %(*objectname) [8ms]
[2022-10-12T21:15:01.875Z] > git remote --verbose [2ms]
[2022-10-12T21:15:01.883Z] > git config --get commit.template [1ms]
[2022-10-12T21:15:10.362Z] > git status -z -uall [8ms]
[2022-10-12T21:15:10.393Z] > git symbolic-ref --short HEAD [6ms]
[2022-10-12T21:15:10.429Z] > git for-each-ref --format=%(refname)%00%(upstream:short)%00%(objectname)%00%(upstream:track)%00%(upstream:remotename)%00%(upstream:remoteref) refs/heads/master refs/remotes/master [4ms]
[2022-10-12T21:15:10.449Z] > git for-each-ref --sort -committerdate --format %(refname) %(objectname) %(*objectname) [9ms]
[2022-10-12T21:15:10.449Z] > git remote --verbose [1ms]
[2022-10-12T21:15:10.460Z] > git config --get commit.template [1ms]
[2022-10-12T21:15:37.687Z] > git status -z -uall [32ms]
[2022-10-12T21:15:37.737Z] > git symbolic-ref --short HEAD [13ms]
[2022-10-12T21:15:37.769Z] > git for-each-ref --format=%(refname)%00%(upstream:short)%00%(objectname)%00%(upstream:track)%00%(upstream:remotename)%00%(upstream:remoteref) refs/heads/master refs/remotes/master [8ms]
[2022-10-12T21:15:37.867Z] > git remote --verbose [18ms]
[2022-10-12T21:15:37.869Z] > git for-each-ref --sort -committerdate --format %(refname) %(objectname) %(*objectname) [57ms]
[2022-10-12T21:15:37.916Z] > git config --get commit.template [2ms]
[2022-10-12T21:15:42.938Z] > git status -z -uall [3ms]
[2022-10-12T21:15:42.947Z] > git symbolic-ref --short HEAD [2ms]
[2022-10-12T21:15:42.955Z] > git for-each-ref --format=%(refname)%00%(upstream:short)%00%(objectname)%00%(upstream:track)%00%(upstream:remotename)%00%(upstream:remoteref) refs/heads/master refs/remotes/master [1ms]
[2022-10-12T21:15:42.969Z] > git for-each-ref --sort -committerdate --format %(refname) %(objectname) %(*objectname) [7ms]
[2022-10-12T21:15:42.969Z] > git remote --verbose [1ms]
[2022-10-12T21:15:42.978Z] > git config --get commit.template [1ms]
[2022-10-12T21:16:13.058Z] > git ls-files --stage -- /home/liaml/Projects/stream/matrix.h [1ms]
[2022-10-12T21:16:13.146Z] > git show --textconv :matrix.h [96ms]
[2022-10-12T21:16:13.146Z] > git cat-file -s d4dd8431a5116d0cac55b9bf0131dc88e8f5fe67 [74ms]
[2022-10-12T21:16:19.754Z] > git show --textconv :tokenize.c [35ms]
[2022-10-12T21:16:19.755Z] > git ls-files --stage -- /home/liaml/Projects/stream/tokenize.c [2ms]
[2022-10-12T21:16:19.764Z] > git cat-file -s 3450f7bddbbd828c0cc5a854bc8245fb9e887276 [1ms]
[2022-10-12T21:16:29.424Z] > git show --textconv :matrix.h [28ms]
[2022-10-12T21:16:29.439Z] > git ls-files --stage -- /home/liaml/Projects/stream/matrix.h [17ms]
[2022-10-12T21:16:29.470Z] > git cat-file -s d4dd8431a5116d0cac55b9bf0131dc88e8f5fe67 [6ms]
[2022-10-12T21:16:35.863Z] > git show --textconv :tokenize.c [8ms]
[2022-10-12T21:16:35.864Z] > git ls-files --stage -- /home/liaml/Projects/stream/tokenize.c [1ms]
[2022-10-12T21:16:35.871Z] > git cat-file -s 3450f7bddbbd828c0cc5a854bc8245fb9e887276 [1ms]
[2022-10-12T21:17:08.377Z] > git show --textconv :matrix.h [11ms]
[2022-10-12T21:17:08.379Z] > git ls-files --stage -- /home/liaml/Projects/stream/matrix.h [2ms]
[2022-10-12T21:17:08.395Z] > git cat-file -s d4dd8431a5116d0cac55b9bf0131dc88e8f5fe67 [3ms]
[2022-10-12T21:17:11.188Z] > git show --textconv :matrix.c [20ms]
[2022-10-12T21:17:11.189Z] > git ls-files --stage -- /home/liaml/Projects/stream/matrix.c [2ms]
[2022-10-12T21:17:11.215Z] > git cat-file -s 787084d0d7aeb8efde7534cd7d216a8dbd21b75f [8ms]
[2022-10-12T21:17:23.023Z] > git show --textconv :matrix.h [9ms]
[2022-10-12T21:17:23.024Z] > git ls-files --stage -- /home/liaml/Projects/stream/matrix.h [1ms]
[2022-10-12T21:17:23.032Z] > git cat-file -s d4dd8431a5116d0cac55b9bf0131dc88e8f5fe67 [1ms]
[2022-10-12T21:17:27.724Z] > git show --textconv :tokenize.c [7ms]
[2022-10-12T21:17:27.725Z] > git ls-files --stage -- /home/liaml/Projects/stream/tokenize.c [1ms]
[2022-10-12T21:17:27.736Z] > git cat-file -s 3450f7bddbbd828c0cc5a854bc8245fb9e887276 [2ms]
[2022-10-12T21:17:33.513Z] > git show --textconv :matrix.h [30ms]
[2022-10-12T21:17:33.514Z] > git ls-files --stage -- /home/liaml/Projects/stream/matrix.h [4ms]
[2022-10-12T21:17:33.527Z] > git cat-file -s d4dd8431a5116d0cac55b9bf0131dc88e8f5fe67 [1ms]
[2022-10-12T21:17:40.466Z] > git show --textconv :tokenize.c [11ms]
[2022-10-12T21:17:40.467Z] > git ls-files --stage -- /home/liaml/Projects/stream/tokenize.c [1ms]
[2022-10-12T21:17:40.478Z] > git cat-file -s 3450f7bddbbd828c0cc5a854bc8245fb9e887276 [2ms]
[2022-10-12T21:17:42.877Z] > git show --textconv :matrix.h [11ms]
[2022-10-12T21:17:42.878Z] > git ls-files --stage -- /home/liaml/Projects/stream/matrix.h [1ms]
[2022-10-12T21:17:42.886Z] > git cat-file -s d4dd8431a5116d0cac55b9bf0131dc88e8f5fe67 [1ms]
[2022-10-12T21:17:47.196Z] > git show --textconv :matrix.c [9ms]
[2022-10-12T21:17:47.197Z] > git ls-files --stage -- /home/liaml/Projects/stream/matrix.c [2ms]
[2022-10-12T21:17:47.234Z] > git cat-file -s 787084d0d7aeb8efde7534cd7d216a8dbd21b75f [9ms]
[2022-10-12T21:17:50.090Z] > git status -z -uall [16ms]
[2022-10-12T21:17:50.161Z] > git symbolic-ref --short HEAD [12ms]
[2022-10-12T21:17:50.249Z] > git for-each-ref --format=%(refname)%00%(upstream:short)%00%(objectname)%00%(upstream:track)%00%(upstream:remotename)%00%(upstream:remoteref) refs/heads/master refs/remotes/master [25ms]
[2022-10-12T21:17:50.389Z] > git for-each-ref --sort -committerdate --format %(refname) %(objectname) %(*objectname) [74ms]
[2022-10-12T21:17:50.422Z] > git remote --verbose [39ms]
[2022-10-12T21:17:50.508Z] > git config --get commit.template [22ms]
[2022-10-12T21:17:50.856Z] > git show --textconv :matrix.h [15ms]
[2022-10-12T21:17:50.858Z] > git ls-files --stage -- /home/liaml/Projects/stream/matrix.h [3ms]
[2022-10-12T21:17:50.869Z] > git cat-file -s d4dd8431a5116d0cac55b9bf0131dc88e8f5fe67 [3ms]
[2022-10-12T21:17:51.661Z] > git show --textconv :tokenize.c [26ms]
[2022-10-12T21:17:51.661Z] > git ls-files --stage -- /home/liaml/Projects/stream/tokenize.c [2ms]
[2022-10-12T21:17:51.688Z] > git cat-file -s 3450f7bddbbd828c0cc5a854bc8245fb9e887276 [3ms]
[2022-10-12T21:17:54.951Z] > git show --textconv :matrix.h [30ms]
[2022-10-12T21:17:54.959Z] > git ls-files --stage -- /home/liaml/Projects/stream/matrix.h [9ms]
[2022-10-12T21:17:54.992Z] > git cat-file -s d4dd8431a5116d0cac55b9bf0131dc88e8f5fe67 [5ms]
[2022-10-12T21:17:55.527Z] > git status -z -uall [2ms]
[2022-10-12T21:17:55.538Z] > git symbolic-ref --short HEAD [2ms]
[2022-10-12T21:17:55.549Z] > git for-each-ref --format=%(refname)%00%(upstream:short)%00%(objectname)%00%(upstream:track)%00%(upstream:remotename)%00%(upstream:remoteref) refs/heads/master refs/remotes/master [1ms]
[2022-10-12T21:17:55.570Z] > git for-each-ref --sort -committerdate --format %(refname) %(objectname) %(*objectname) [8ms]
[2022-10-12T21:17:55.571Z] > git remote --verbose [2ms]
[2022-10-12T21:17:55.583Z] > git config --get commit.template [2ms]
[2022-10-12T21:17:56.905Z] > git show --textconv :matrix.c [17ms]
[2022-10-12T21:17:56.906Z] > git ls-files --stage -- /home/liaml/Projects/stream/matrix.c [1ms]
[2022-10-12T21:17:56.913Z] > git cat-file -s 787084d0d7aeb8efde7534cd7d216a8dbd21b75f [1ms]
[2022-10-12T21:18:04.001Z] > git status -z -uall [6ms]
[2022-10-12T21:18:04.021Z] > git symbolic-ref --short HEAD [3ms]
[2022-10-12T21:18:04.041Z] > git for-each-ref --format=%(refname)%00%(upstream:short)%00%(objectname)%00%(upstream:track)%00%(upstream:remotename)%00%(upstream:remoteref) refs/heads/master refs/remotes/master [3ms]
[2022-10-12T21:18:04.057Z] > git for-each-ref --sort -committerdate --format %(refname) %(objectname) %(*objectname) [8ms]
[2022-10-12T21:18:04.058Z] > git remote --verbose [2ms]
[2022-10-12T21:18:04.065Z] > git config --get commit.template [1ms]
[2022-10-12T21:18:30.219Z] > git show --textconv :tokenize.c [33ms]
[2022-10-12T21:18:30.222Z] > git ls-files --stage -- /home/liaml/Projects/stream/tokenize.c [8ms]
[2022-10-12T21:18:30.236Z] > git cat-file -s 3450f7bddbbd828c0cc5a854bc8245fb9e887276 [3ms]
[2022-10-12T21:18:49.529Z] > git show --textconv :matrix.c [29ms]
[2022-10-12T21:18:49.532Z] > git ls-files --stage -- /home/liaml/Projects/stream/matrix.c [4ms]
[2022-10-12T21:18:49.563Z] > git cat-file -s 787084d0d7aeb8efde7534cd7d216a8dbd21b75f [7ms]
[2022-10-12T21:18:52.106Z] > git show --textconv :tokenize.c [8ms]
[2022-10-12T21:18:52.106Z] > git ls-files --stage -- /home/liaml/Projects/stream/tokenize.c [1ms]
[2022-10-12T21:18:52.114Z] > git cat-file -s 3450f7bddbbd828c0cc5a854bc8245fb9e887276 [1ms]
[2022-10-12T21:18:52.703Z] > git show --textconv :matrix.h [22ms]
[2022-10-12T21:18:52.706Z] > git ls-files --stage -- /home/liaml/Projects/stream/matrix.h [5ms]
[2022-10-12T21:18:52.719Z] > git cat-file -s d4dd8431a5116d0cac55b9bf0131dc88e8f5fe67 [2ms]
[2022-10-12T21:18:53.386Z] > git show --textconv :matrix.c [33ms]
[2022-10-12T21:18:53.387Z] > git ls-files --stage -- /home/liaml/Projects/stream/matrix.c [7ms]
[2022-10-12T21:18:53.415Z] > git cat-file -s 787084d0d7aeb8efde7534cd7d216a8dbd21b75f [7ms]
[2022-10-12T21:18:55.739Z] > git status -z -uall [3ms]
[2022-10-12T21:18:55.775Z] > git symbolic-ref --short HEAD [2ms]
[2022-10-12T21:18:55.834Z] > git for-each-ref --format=%(refname)%00%(upstream:short)%00%(objectname)%00%(upstream:track)%00%(upstream:remotename)%00%(upstream:remoteref) refs/heads/master refs/remotes/master [21ms]
[2022-10-12T21:18:55.949Z] > git remote --verbose [14ms]
[2022-10-12T21:18:55.952Z] > git for-each-ref --sort -committerdate --format %(refname) %(objectname) %(*objectname) [78ms]
[2022-10-12T21:18:56.052Z] > git config --get commit.template [26ms]
[2022-10-12T21:18:56.190Z] > git show --textconv :matrix.h [15ms]
[2022-10-12T21:18:56.191Z] > git ls-files --stage -- /home/liaml/Projects/stream/matrix.h [2ms]
[2022-10-12T21:18:56.202Z] > git cat-file -s d4dd8431a5116d0cac55b9bf0131dc88e8f5fe67 [3ms]
[2022-10-12T21:18:56.943Z] > git show --textconv :tokenize.c [27ms]
[2022-10-12T21:18:56.948Z] > git ls-files --stage -- /home/liaml/Projects/stream/tokenize.c [7ms]
[2022-10-12T21:18:56.973Z] > git cat-file -s 3450f7bddbbd828c0cc5a854bc8245fb9e887276 [6ms]
[2022-10-12T21:19:01.077Z] > git status -z -uall [4ms]
[2022-10-12T21:19:01.090Z] > git symbolic-ref --short HEAD [2ms]
[2022-10-12T21:19:01.111Z] > git for-each-ref --format=%(refname)%00%(upstream:short)%00%(objectname)%00%(upstream:track)%00%(upstream:remotename)%00%(upstream:remoteref) refs/heads/master refs/remotes/master [1ms]
[2022-10-12T21:19:01.149Z] > git for-each-ref --sort -committerdate --format %(refname) %(objectname) %(*objectname) [32ms]
[2022-10-12T21:19:01.150Z] > git remote --verbose [28ms]
[2022-10-12T21:19:01.160Z] > git config --get commit.template [1ms]
[2022-10-12T21:19:06.185Z] > git status -z -uall [7ms]
[2022-10-12T21:19:06.205Z] > git symbolic-ref --short HEAD [3ms]
[2022-10-12T21:19:06.225Z] > git for-each-ref --format=%(refname)%00%(upstream:short)%00%(objectname)%00%(upstream:track)%00%(upstream:remotename)%00%(upstream:remoteref) refs/heads/master refs/remotes/master [4ms]
[2022-10-12T21:19:06.243Z] > git for-each-ref --sort -committerdate --format %(refname) %(objectname) %(*objectname) [8ms]
[2022-10-12T21:19:06.243Z] > git remote --verbose [1ms]
[2022-10-12T21:19:06.251Z] > git config --get commit.template [1ms]
[2022-10-12T21:20:26.875Z] > git show --textconv :tokenize.c [8ms]
[2022-10-12T21:20:26.875Z] > git ls-files --stage -- /home/liaml/Projects/stream/tokenize.c [2ms]
[2022-10-12T21:20:26.883Z] > git cat-file -s 3450f7bddbbd828c0cc5a854bc8245fb9e887276 [1ms]
[2022-10-12T21:20:56.683Z] > git status -z -uall [2ms]
[2022-10-12T21:20:56.708Z] > git symbolic-ref --short HEAD [2ms]
[2022-10-12T21:20:56.740Z] > git for-each-ref --format=%(refname)%00%(upstream:short)%00%(objectname)%00%(upstream:track)%00%(upstream:remotename)%00%(upstream:remoteref) refs/heads/master refs/remotes/master [14ms]
[2022-10-12T21:20:56.790Z] > git for-each-ref --sort -committerdate --format %(refname) %(objectname) %(*objectname) [17ms]
[2022-10-12T21:20:56.794Z] > git remote --verbose [9ms]
[2022-10-12T21:20:56.814Z] > git config --get commit.template [2ms]
[2022-10-12T21:21:01.857Z] > git status -z -uall [17ms]
[2022-10-12T21:21:01.867Z] > git symbolic-ref --short HEAD [2ms]
[2022-10-12T21:21:01.874Z] > git for-each-ref --format=%(refname)%00%(upstream:short)%00%(objectname)%00%(upstream:track)%00%(upstream:remotename)%00%(upstream:remoteref) refs/heads/master refs/remotes/master [1ms]
[2022-10-12T21:21:01.886Z] > git for-each-ref --sort -committerdate --format %(refname) %(objectname) %(*objectname) [6ms]
[2022-10-12T21:21:01.887Z] > git remote --verbose [1ms]
[2022-10-12T21:21:01.894Z] > git config --get commit.template [2ms]
[2022-10-12T21:21:14.934Z] > git check-ignore -v -z --stdin [1ms]
[2022-10-12T21:21:44.701Z] > git status -z -uall [3ms]
[2022-10-12T21:21:44.722Z] > git symbolic-ref --short HEAD [6ms]
[2022-10-12T21:21:44.728Z] > git for-each-ref --format=%(refname)%00%(upstream:short)%00%(objectname)%00%(upstream:track)%00%(upstream:remotename)%00%(upstream:remoteref) refs/heads/master refs/remotes/master [1ms]
[2022-10-12T21:21:44.741Z] > git for-each-ref --sort -committerdate --format %(refname) %(objectname) %(*objectname) [7ms]
[2022-10-12T21:21:44.741Z] > git remote --verbose [1ms]
[2022-10-12T21:21:44.749Z] > git config --get commit.template [1ms]
