[2022-10-13T21:03:38.957Z] Log level: Info
[2022-10-13T21:03:38.982Z] [info] Validating found git in: git
[2022-10-13T21:03:39.212Z] [info] Using git 2.38.0 from git
[2022-10-13T21:03:39.340Z] > git rev-parse --show-toplevel [117ms]
[2022-10-13T21:03:39.379Z] > git rev-parse --git-dir --git-common-dir [25ms]
[2022-10-13T21:03:39.411Z] [info] Open repository: /home/liaml/Projects/stream
[2022-10-13T21:03:39.963Z] > git status -z -uall [534ms]
[2022-10-13T21:03:39.975Z] > git symbolic-ref --short HEAD [5ms]
[2022-10-13T21:03:40.024Z] > git for-each-ref --format=%(refname)%00%(upstream:short)%00%(objectname)%00%(upstream:track)%00%(upstream:remotename)%00%(upstream:remoteref) refs/heads/master refs/remotes/master [33ms]
[2022-10-13T21:03:40.076Z] > git remote --verbose [26ms]
[2022-10-13T21:03:40.077Z] > git for-each-ref --sort -committerdate --format %(refname) %(objectname) %(*objectname) [46ms]
[2022-10-13T21:03:40.093Z] > git config --get commit.template [2ms]
[2022-10-13T21:03:40.105Z] > git status -z -uall [4ms]
[2022-10-13T21:03:40.125Z] > git ls-files --stage -- /home/liaml/Projects/stream/tokenize.c [56ms]
[2022-10-13T21:03:40.144Z] > git show --textconv :tokenize.c [83ms]
[2022-10-13T21:03:40.144Z] > git cat-file -s 3450f7bddbbd828c0cc5a854bc8245fb9e887276 [8ms]
[2022-10-13T21:03:40.145Z] > git symbolic-ref --short HEAD [23ms]
[2022-10-13T21:03:40.153Z] > git check-ignore -v -z --stdin [11ms]
[2022-10-13T21:03:40.156Z] > git for-each-ref --format=%(refname)%00%(upstream:short)%00%(objectname)%00%(upstream:track)%00%(upstream:remotename)%00%(upstream:remoteref) refs/heads/master refs/remotes/master [6ms]
[2022-10-13T21:03:40.189Z] > git remote --verbose [6ms]
[2022-10-13T21:03:40.189Z] > git for-each-ref --sort -committerdate --format %(refname) %(objectname) %(*objectname) [26ms]
[2022-10-13T21:03:40.201Z] > git config --get commit.template [4ms]
[2022-10-13T21:07:35.221Z] > git status -z -uall [4ms]
[2022-10-13T21:07:35.230Z] > git symbolic-ref --short HEAD [2ms]
[2022-10-13T21:07:35.237Z] > git for-each-ref --format=%(refname)%00%(upstream:short)%00%(objectname)%00%(upstream:track)%00%(upstream:remotename)%00%(upstream:remoteref) refs/heads/master refs/remotes/master [1ms]
[2022-10-13T21:07:35.254Z] > git for-each-ref --sort -committerdate --format %(refname) %(objectname) %(*objectname) [10ms]
[2022-10-13T21:07:35.254Z] > git remote --verbose [2ms]
[2022-10-13T21:07:35.262Z] > git config --get commit.template [2ms]
[2022-10-13T21:10:46.270Z] > git ls-files --stage -- /home/liaml/Projects/stream/matrix.c [4ms]
[2022-10-13T21:10:46.281Z] > git show --textconv :matrix.c [69ms]
[2022-10-13T21:10:46.286Z] > git cat-file -s 787084d0d7aeb8efde7534cd7d216a8dbd21b75f [6ms]
[2022-10-13T21:12:09.641Z] > git show --textconv :tokenize.c [8ms]
[2022-10-13T21:12:09.642Z] > git ls-files --stage -- /home/liaml/Projects/stream/tokenize.c [2ms]
[2022-10-13T21:12:09.650Z] > git cat-file -s 3450f7bddbbd828c0cc5a854bc8245fb9e887276 [2ms]
[2022-10-13T21:14:23.460Z] > git show --textconv :matrix.c [41ms]
[2022-10-13T21:14:23.481Z] > git ls-files --stage -- /home/liaml/Projects/stream/matrix.c [22ms]
[2022-10-13T21:14:23.517Z] > git cat-file -s 787084d0d7aeb8efde7534cd7d216a8dbd21b75f [2ms]
[2022-10-13T21:14:24.340Z] > git show --textconv :matrix.h [62ms]
[2022-10-13T21:14:24.363Z] > git ls-files --stage -- /home/liaml/Projects/stream/matrix.h [27ms]
[2022-10-13T21:14:24.373Z] > git cat-file -s d4dd8431a5116d0cac55b9bf0131dc88e8f5fe67 [3ms]
