[2022-10-13T21:22:05.522Z] Log level: Info
[2022-10-13T21:22:05.527Z] [info] Validating found git in: git
[2022-10-13T21:22:05.569Z] [info] Using git 2.38.0 from git
[2022-10-13T21:22:05.594Z] > git rev-parse --show-toplevel [9ms]
[2022-10-13T21:22:05.614Z] > git rev-parse --git-dir --git-common-dir [3ms]
[2022-10-13T21:22:05.627Z] [info] Open repository: /home/liaml/Projects/stream
[2022-10-13T21:22:05.657Z] > git status -z -uall [16ms]
[2022-10-13T21:22:05.699Z] > git symbolic-ref --short HEAD [32ms]
[2022-10-13T21:22:05.831Z] > git for-each-ref --format=%(refname)%00%(upstream:short)%00%(objectname)%00%(upstream:track)%00%(upstream:remotename)%00%(upstream:remoteref) refs/heads/master refs/remotes/master [123ms]
[2022-10-13T21:22:05.957Z] > git remote --verbose [42ms]
[2022-10-13T21:22:05.987Z] > git for-each-ref --sort -committerdate --format %(refname) %(objectname) %(*objectname) [114ms]
[2022-10-13T21:22:06.246Z] > git config --get commit.template [121ms]
[2022-10-13T21:22:06.319Z] > git status -z -uall [44ms]
[2022-10-13T21:22:06.375Z] > git symbolic-ref --short HEAD [43ms]
[2022-10-13T21:22:06.399Z] > git for-each-ref --format=%(refname)%00%(upstream:short)%00%(objectname)%00%(upstream:track)%00%(upstream:remotename)%00%(upstream:remoteref) refs/heads/master refs/remotes/master [9ms]
[2022-10-13T21:22:06.419Z] > git for-each-ref --sort -committerdate --format %(refname) %(objectname) %(*objectname) [11ms]
[2022-10-13T21:22:06.419Z] > git remote --verbose [3ms]
[2022-10-13T21:22:06.453Z] > git config --get commit.template [10ms]
[2022-10-13T21:22:06.931Z] > git show --textconv :matrix.h [49ms]
[2022-10-13T21:22:06.931Z] > git ls-files --stage -- /home/liaml/Projects/stream/matrix.h [32ms]
[2022-10-13T21:22:06.943Z] > git cat-file -s d4dd8431a5116d0cac55b9bf0131dc88e8f5fe67 [4ms]
[2022-10-13T21:22:07.219Z] > git check-ignore -v -z --stdin [1ms]
[2022-10-13T21:22:18.396Z] > git show --textconv :matrix.c [17ms]
[2022-10-13T21:22:18.397Z] > git ls-files --stage -- /home/liaml/Projects/stream/matrix.c [4ms]
[2022-10-13T21:22:18.422Z] > git cat-file -s 787084d0d7aeb8efde7534cd7d216a8dbd21b75f [4ms]
[2022-10-13T21:25:30.289Z] > git show --textconv :tokenize.c [30ms]
[2022-10-13T21:25:30.294Z] > git ls-files --stage -- /home/liaml/Projects/stream/tokenize.c [12ms]
[2022-10-13T21:25:30.322Z] > git cat-file -s 3450f7bddbbd828c0cc5a854bc8245fb9e887276 [13ms]
[2022-10-13T21:43:48.501Z] > git status -z -uall [11ms]
[2022-10-13T21:43:48.565Z] > git symbolic-ref --short HEAD [14ms]
[2022-10-13T21:43:48.620Z] > git for-each-ref --format=%(refname)%00%(upstream:short)%00%(objectname)%00%(upstream:track)%00%(upstream:remotename)%00%(upstream:remoteref) refs/heads/master refs/remotes/master [10ms]
[2022-10-13T21:43:48.679Z] > git remote --verbose [2ms]
[2022-10-13T21:43:48.680Z] > git for-each-ref --sort -committerdate --format %(refname) %(objectname) %(*objectname) [27ms]
[2022-10-13T21:43:48.741Z] > git config --get commit.template [2ms]
[2022-10-13T21:43:50.363Z] > git check-ignore -v -z --stdin [3ms]
[2022-10-13T21:43:50.547Z] > git show --textconv :scanner.h [13ms]
[2022-10-13T21:43:50.549Z] > git ls-files --stage -- /home/liaml/Projects/stream/scanner.h [4ms]
[2022-10-13T21:43:55.426Z] > git show --textconv :matrix.h [20ms]
[2022-10-13T21:43:55.429Z] > git ls-files --stage -- /home/liaml/Projects/stream/matrix.h [5ms]
[2022-10-13T21:43:55.455Z] > git cat-file -s d4dd8431a5116d0cac55b9bf0131dc88e8f5fe67 [4ms]
[2022-10-13T21:44:00.441Z] > git show --textconv :scanner.h [19ms]
[2022-10-13T21:44:00.444Z] > git ls-files --stage -- /home/liaml/Projects/stream/scanner.h [5ms]
[2022-10-13T21:44:38.616Z] > git show --textconv :tokenize.c [10ms]
[2022-10-13T21:44:38.622Z] > git ls-files --stage -- /home/liaml/Projects/stream/tokenize.c [7ms]
[2022-10-13T21:44:38.649Z] > git cat-file -s 3450f7bddbbd828c0cc5a854bc8245fb9e887276 [9ms]
[2022-10-13T21:44:41.024Z] > git show --textconv :matrix.c [16ms]
[2022-10-13T21:44:41.025Z] > git ls-files --stage -- /home/liaml/Projects/stream/matrix.c [2ms]
[2022-10-13T21:44:41.035Z] > git cat-file -s 787084d0d7aeb8efde7534cd7d216a8dbd21b75f [1ms]
[2022-10-13T21:44:48.701Z] > git show --textconv :tokenize.c [26ms]
[2022-10-13T21:44:48.703Z] > git ls-files --stage -- /home/liaml/Projects/stream/tokenize.c [3ms]
[2022-10-13T21:44:48.712Z] > git cat-file -s 3450f7bddbbd828c0cc5a854bc8245fb9e887276 [1ms]
[2022-10-13T21:44:55.803Z] > git show --textconv :scanner.h [16ms]
[2022-10-13T21:44:55.804Z] > git ls-files --stage -- /home/liaml/Projects/stream/scanner.h [1ms]
[2022-10-13T21:46:01.262Z] > git show --textconv :tokenize.c [15ms]
[2022-10-13T21:46:01.267Z] > git ls-files --stage -- /home/liaml/Projects/stream/tokenize.c [8ms]
[2022-10-13T21:46:01.275Z] > git cat-file -s 3450f7bddbbd828c0cc5a854bc8245fb9e887276 [2ms]
[2022-10-13T21:46:25.157Z] > git show --textconv :scanner.c [6ms]
[2022-10-13T21:46:25.158Z] > git ls-files --stage -- /home/liaml/Projects/stream/scanner.c [1ms]
[2022-10-13T21:46:25.478Z] > git check-ignore -v -z --stdin [11ms]
[2022-10-13T21:46:25.899Z] > git status -z -uall [6ms]
[2022-10-13T21:46:25.920Z] > git symbolic-ref --short HEAD [3ms]
[2022-10-13T21:46:25.932Z] > git for-each-ref --format=%(refname)%00%(upstream:short)%00%(objectname)%00%(upstream:track)%00%(upstream:remotename)%00%(upstream:remoteref) refs/heads/master refs/remotes/master [2ms]
[2022-10-13T21:46:25.949Z] > git for-each-ref --sort -committerdate --format %(refname) %(objectname) %(*objectname) [10ms]
[2022-10-13T21:46:25.949Z] > git remote --verbose [1ms]
[2022-10-13T21:46:25.971Z] > git config --get commit.template [3ms]
[2022-10-13T21:46:26.734Z] > git show --textconv :tokenize.c [11ms]
[2022-10-13T21:46:26.736Z] > git ls-files --stage -- /home/liaml/Projects/stream/tokenize.c [4ms]
[2022-10-13T21:46:26.745Z] > git cat-file -s 3450f7bddbbd828c0cc5a854bc8245fb9e887276 [2ms]
[2022-10-13T21:46:39.564Z] > git show --textconv :scanner.c [5ms]
[2022-10-13T21:46:39.565Z] > git ls-files --stage -- /home/liaml/Projects/stream/scanner.c [1ms]
[2022-10-13T21:46:42.802Z] > git show --textconv :tokenize.c [8ms]
[2022-10-13T21:46:42.803Z] > git ls-files --stage -- /home/liaml/Projects/stream/tokenize.c [2ms]
[2022-10-13T21:46:42.810Z] > git cat-file -s 3450f7bddbbd828c0cc5a854bc8245fb9e887276 [2ms]
[2022-10-13T21:46:45.738Z] > git show --textconv :scanner.c [7ms]
[2022-10-13T21:46:45.739Z] > git ls-files --stage -- /home/liaml/Projects/stream/scanner.c [1ms]
[2022-10-13T21:46:55.029Z] > git show --textconv :scanner.h [10ms]
[2022-10-13T21:46:55.030Z] > git ls-files --stage -- /home/liaml/Projects/stream/scanner.h [3ms]
[2022-10-13T21:46:56.144Z] > git show --textconv :scanner.c [9ms]
[2022-10-13T21:46:56.145Z] > git ls-files --stage -- /home/liaml/Projects/stream/scanner.c [1ms]
[2022-10-13T21:47:09.253Z] > git show --textconv :scanner.h [29ms]
[2022-10-13T21:47:09.257Z] > git ls-files --stage -- /home/liaml/Projects/stream/scanner.h [12ms]
[2022-10-13T21:47:13.330Z] > git show --textconv :scanner.c [25ms]
[2022-10-13T21:47:13.334Z] > git ls-files --stage -- /home/liaml/Projects/stream/scanner.c [7ms]
[2022-10-13T21:47:30.153Z] > git show --textconv :scanner.h [9ms]
[2022-10-13T21:47:30.153Z] > git ls-files --stage -- /home/liaml/Projects/stream/scanner.h [1ms]
[2022-10-13T21:47:33.785Z] > git show --textconv :scanner.c [22ms]
[2022-10-13T21:47:33.798Z] > git ls-files --stage -- /home/liaml/Projects/stream/scanner.c [16ms]
[2022-10-13T21:47:39.569Z] > git show --textconv :scanner.h [20ms]
[2022-10-13T21:47:39.572Z] > git ls-files --stage -- /home/liaml/Projects/stream/scanner.h [3ms]
[2022-10-13T21:47:42.891Z] > git show --textconv :scanner.c [10ms]
[2022-10-13T21:47:42.892Z] > git ls-files --stage -- /home/liaml/Projects/stream/scanner.c [2ms]
[2022-10-13T21:48:42.532Z] > git show --textconv :tokenize.c [19ms]
[2022-10-13T21:48:42.534Z] > git ls-files --stage -- /home/liaml/Projects/stream/tokenize.c [6ms]
[2022-10-13T21:48:42.554Z] > git cat-file -s 3450f7bddbbd828c0cc5a854bc8245fb9e887276 [2ms]
[2022-10-13T21:48:46.144Z] > git show --textconv :scanner.c [7ms]
[2022-10-13T21:48:46.145Z] > git ls-files --stage -- /home/liaml/Projects/stream/scanner.c [2ms]
[2022-10-13T21:48:47.797Z] > git check-ignore -v -z --stdin [4ms]
[2022-10-13T21:48:48.120Z] > git status -z -uall [2ms]
[2022-10-13T21:48:48.127Z] > git symbolic-ref --short HEAD [1ms]
[2022-10-13T21:48:48.135Z] > git for-each-ref --format=%(refname)%00%(upstream:short)%00%(objectname)%00%(upstream:track)%00%(upstream:remotename)%00%(upstream:remoteref) refs/heads/master refs/remotes/master [2ms]
[2022-10-13T21:48:48.146Z] > git remote --verbose [1ms]
[2022-10-13T21:48:48.147Z] > git for-each-ref --sort -committerdate --format %(refname) %(objectname) %(*objectname) [7ms]
[2022-10-13T21:48:48.158Z] > git config --get commit.template [3ms]
[2022-10-13T21:49:08.988Z] > git status -z -uall [15ms]
[2022-10-13T21:49:09.084Z] > git symbolic-ref --short HEAD [34ms]
[2022-10-13T21:49:09.132Z] > git for-each-ref --format=%(refname)%00%(upstream:short)%00%(objectname)%00%(upstream:track)%00%(upstream:remotename)%00%(upstream:remoteref) refs/heads/master refs/remotes/master [2ms]
[2022-10-13T21:49:09.156Z] > git for-each-ref --sort -committerdate --format %(refname) %(objectname) %(*objectname) [13ms]
[2022-10-13T21:49:09.158Z] > git remote --verbose [3ms]
[2022-10-13T21:49:09.179Z] > git config --get commit.template [8ms]
[2022-10-13T21:49:09.543Z] > git show --textconv :tokenize.c [39ms]
[2022-10-13T21:49:09.546Z] > git ls-files --stage -- /home/liaml/Projects/stream/tokenize.c [13ms]
[2022-10-13T21:49:09.568Z] > git cat-file -s 3450f7bddbbd828c0cc5a854bc8245fb9e887276 [4ms]
[2022-10-13T21:49:25.411Z] > git show --textconv :scanner.c [38ms]
[2022-10-13T21:49:25.414Z] > git ls-files --stage -- /home/liaml/Projects/stream/scanner.c [9ms]
[2022-10-13T21:49:33.185Z] > git show --textconv :scanner.h [12ms]
[2022-10-13T21:49:33.186Z] > git ls-files --stage -- /home/liaml/Projects/stream/scanner.h [6ms]
[2022-10-13T21:49:36.460Z] > git status -z -uall [16ms]
[2022-10-13T21:49:36.476Z] > git symbolic-ref --short HEAD [4ms]
[2022-10-13T21:49:36.516Z] > git for-each-ref --format=%(refname)%00%(upstream:short)%00%(objectname)%00%(upstream:track)%00%(upstream:remotename)%00%(upstream:remoteref) refs/heads/master refs/remotes/master [15ms]
[2022-10-13T21:49:36.572Z] > git for-each-ref --sort -committerdate --format %(refname) %(objectname) %(*objectname) [26ms]
[2022-10-13T21:49:36.572Z] > git remote --verbose [2ms]
[2022-10-13T21:49:36.604Z] > git config --get commit.template [2ms]
[2022-10-13T21:49:36.738Z] > git show --textconv :scanner.c [32ms]
[2022-10-13T21:49:36.739Z] > git ls-files --stage -- /home/liaml/Projects/stream/scanner.c [3ms]
[2022-10-13T21:49:41.633Z] > git status -z -uall [7ms]
[2022-10-13T21:49:41.656Z] > git symbolic-ref --short HEAD [4ms]
[2022-10-13T21:49:41.677Z] > git for-each-ref --format=%(refname)%00%(upstream:short)%00%(objectname)%00%(upstream:track)%00%(upstream:remotename)%00%(upstream:remoteref) refs/heads/master refs/remotes/master [4ms]
[2022-10-13T21:49:41.717Z] > git for-each-ref --sort -committerdate --format %(refname) %(objectname) %(*objectname) [21ms]
[2022-10-13T21:49:41.718Z] > git remote --verbose [5ms]
[2022-10-13T21:49:41.734Z] > git config --get commit.template [1ms]
[2022-10-13T21:49:45.967Z] > git show --textconv :tokenize.c [42ms]
[2022-10-13T21:49:45.971Z] > git ls-files --stage -- /home/liaml/Projects/stream/tokenize.c [13ms]
[2022-10-13T21:49:46.003Z] > git cat-file -s 3450f7bddbbd828c0cc5a854bc8245fb9e887276 [1ms]
[2022-10-13T21:49:46.635Z] > git show --textconv :scanner.h [6ms]
[2022-10-13T21:49:46.636Z] > git ls-files --stage -- /home/liaml/Projects/stream/scanner.h [1ms]
[2022-10-13T21:49:47.409Z] > git show --textconv :matrix.c [19ms]
[2022-10-13T21:49:47.416Z] > git ls-files --stage -- /home/liaml/Projects/stream/matrix.c [13ms]
[2022-10-13T21:49:47.426Z] > git cat-file -s 787084d0d7aeb8efde7534cd7d216a8dbd21b75f [2ms]
[2022-10-13T21:49:48.534Z] > git status -z -uall [9ms]
[2022-10-13T21:49:48.549Z] > git symbolic-ref --short HEAD [3ms]
[2022-10-13T21:49:48.590Z] > git for-each-ref --format=%(refname)%00%(upstream:short)%00%(objectname)%00%(upstream:track)%00%(upstream:remotename)%00%(upstream:remoteref) refs/heads/master refs/remotes/master [8ms]
[2022-10-13T21:49:48.627Z] > git for-each-ref --sort -committerdate --format %(refname) %(objectname) %(*objectname) [31ms]
[2022-10-13T21:49:48.627Z] > git remote --verbose [12ms]
[2022-10-13T21:49:48.639Z] > git config --get commit.template [2ms]
[2022-10-13T21:49:48.698Z] > git show --textconv :matrix.h [19ms]
[2022-10-13T21:49:48.699Z] > git ls-files --stage -- /home/liaml/Projects/stream/matrix.h [2ms]
[2022-10-13T21:49:48.706Z] > git cat-file -s d4dd8431a5116d0cac55b9bf0131dc88e8f5fe67 [1ms]
[2022-10-13T21:49:53.666Z] > git status -z -uall [7ms]
[2022-10-13T21:49:53.687Z] > git symbolic-ref --short HEAD [4ms]
[2022-10-13T21:49:53.710Z] > git for-each-ref --format=%(refname)%00%(upstream:short)%00%(objectname)%00%(upstream:track)%00%(upstream:remotename)%00%(upstream:remoteref) refs/heads/master refs/remotes/master [5ms]
[2022-10-13T21:49:53.734Z] > git for-each-ref --sort -committerdate --format %(refname) %(objectname) %(*objectname) [12ms]
[2022-10-13T21:49:53.735Z] > git remote --verbose [2ms]
[2022-10-13T21:49:53.746Z] > git config --get commit.template [2ms]
[2022-10-13T21:50:57.805Z] > git status -z -uall [2ms]
[2022-10-13T21:50:57.811Z] > git symbolic-ref --short HEAD [1ms]
[2022-10-13T21:50:57.818Z] > git for-each-ref --format=%(refname)%00%(upstream:short)%00%(objectname)%00%(upstream:track)%00%(upstream:remotename)%00%(upstream:remoteref) refs/heads/master refs/remotes/master [1ms]
[2022-10-13T21:50:57.829Z] > git for-each-ref --sort -committerdate --format %(refname) %(objectname) %(*objectname) [6ms]
[2022-10-13T21:50:57.830Z] > git remote --verbose [2ms]
[2022-10-13T21:50:57.837Z] > git config --get commit.template [2ms]
[2022-10-13T21:51:00.924Z] > git show --textconv :scanner.c [19ms]
[2022-10-13T21:51:00.925Z] > git ls-files --stage -- /home/liaml/Projects/stream/scanner.c [3ms]
[2022-10-13T21:51:02.901Z] > git status -z -uall [9ms]
[2022-10-13T21:51:02.970Z] > git symbolic-ref --short HEAD [9ms]
[2022-10-13T21:51:03.024Z] > git for-each-ref --format=%(refname)%00%(upstream:short)%00%(objectname)%00%(upstream:track)%00%(upstream:remotename)%00%(upstream:remoteref) refs/heads/master refs/remotes/master [16ms]
[2022-10-13T21:51:03.144Z] > git for-each-ref --sort -committerdate --format %(refname) %(objectname) %(*objectname) [47ms]
[2022-10-13T21:51:03.146Z] > git remote --verbose [4ms]
[2022-10-13T21:51:03.216Z] > git config --get commit.template [9ms]
[2022-10-13T21:51:03.544Z] > git show --textconv :tokenize.c [18ms]
[2022-10-13T21:51:03.547Z] > git ls-files --stage -- /home/liaml/Projects/stream/tokenize.c [8ms]
[2022-10-13T21:51:03.556Z] > git cat-file -s 3450f7bddbbd828c0cc5a854bc8245fb9e887276 [1ms]
[2022-10-13T21:51:17.913Z] > git show --textconv :scanner.c [10ms]
[2022-10-13T21:51:17.914Z] > git ls-files --stage -- /home/liaml/Projects/stream/scanner.c [2ms]
[2022-10-13T21:51:42.885Z] > git status -z -uall [7ms]
[2022-10-13T21:51:42.902Z] > git symbolic-ref --short HEAD [1ms]
[2022-10-13T21:51:42.918Z] > git for-each-ref --format=%(refname)%00%(upstream:short)%00%(objectname)%00%(upstream:track)%00%(upstream:remotename)%00%(upstream:remoteref) refs/heads/master refs/remotes/master [3ms]
[2022-10-13T21:51:42.943Z] > git for-each-ref --sort -committerdate --format %(refname) %(objectname) %(*objectname) [10ms]
[2022-10-13T21:51:42.944Z] > git remote --verbose [1ms]
[2022-10-13T21:51:42.953Z] > git config --get commit.template [2ms]
[2022-10-13T21:51:45.659Z] > git show --textconv :matrix.h [25ms]
[2022-10-13T21:51:45.662Z] > git ls-files --stage -- /home/liaml/Projects/stream/matrix.h [6ms]
[2022-10-13T21:51:45.687Z] > git cat-file -s d4dd8431a5116d0cac55b9bf0131dc88e8f5fe67 [4ms]
[2022-10-13T21:51:46.572Z] > git show --textconv :matrix.c [16ms]
[2022-10-13T21:51:46.572Z] > git ls-files --stage -- /home/liaml/Projects/stream/matrix.c [1ms]
[2022-10-13T21:51:46.581Z] > git cat-file -s 787084d0d7aeb8efde7534cd7d216a8dbd21b75f [2ms]
[2022-10-13T21:51:47.893Z] > git show --textconv :matrix.h [23ms]
[2022-10-13T21:51:47.896Z] > git ls-files --stage -- /home/liaml/Projects/stream/matrix.h [6ms]
[2022-10-13T21:51:47.922Z] > git cat-file -s d4dd8431a5116d0cac55b9bf0131dc88e8f5fe67 [5ms]
